<<<<<<< HEAD
﻿  zebra_rider.cpp
C:\Users\270158235\OneDrive - UP Education\1 CS103\BSE2021cs103_ZEBRA\GitCollab_Zebra\zebra_rider.cpp(121,20): warning C4018: '<': signed/unsigned mismatch
C:\Users\270158235\OneDrive - UP Education\1 CS103\BSE2021cs103_ZEBRA\GitCollab_Zebra\zebra_rider.cpp(200,20): warning C4018: '<': signed/unsigned mismatch
C:\Users\270158235\OneDrive - UP Education\1 CS103\BSE2021cs103_ZEBRA\GitCollab_Zebra\zebra_rider.cpp(243,10): warning C4129: 'C': unrecognized character escape sequence
C:\Users\270158235\OneDrive - UP Education\1 CS103\BSE2021cs103_ZEBRA\GitCollab_Zebra\zebra_rider.cpp(274,3): warning C4551: function call missing argument list
C:\Users\270158235\OneDrive - UP Education\1 CS103\BSE2021cs103_ZEBRA\GitCollab_Zebra\zebra_rider.cpp(301,12): warning C4129: 'T': unrecognized character escape sequence
C:\Users\270158235\OneDrive - UP Education\1 CS103\BSE2021cs103_ZEBRA\GitCollab_Zebra\zebra_rider.cpp(308,29): warning C4834: discarding return value of function with 'nodiscard' attribute
C:\Users\270158235\OneDrive - UP Education\1 CS103\BSE2021cs103_ZEBRA\GitCollab_Zebra\zebra_rider.cpp(323,4): warning C4551: function call missing argument list
C:\Users\270158235\OneDrive - UP Education\1 CS103\BSE2021cs103_ZEBRA\GitCollab_Zebra\zebra_rider.cpp(422,20): warning C4018: '<': signed/unsigned mismatch
C:\Users\270158235\OneDrive - UP Education\1 CS103\BSE2021cs103_ZEBRA\GitCollab_Zebra\zebra_rider.cpp(697,20): warning C4018: '<': signed/unsigned mismatch
C:\Users\270158235\OneDrive - UP Education\1 CS103\BSE2021cs103_ZEBRA\GitCollab_Zebra\zebra_rider.cpp(712,20): warning C4018: '<': signed/unsigned mismatch
C:\Users\270158235\OneDrive - UP Education\1 CS103\BSE2021cs103_ZEBRA\GitCollab_Zebra\zebra_rider.cpp(825,20): warning C4018: '<': signed/unsigned mismatch
C:\Users\270158235\OneDrive - UP Education\1 CS103\BSE2021cs103_ZEBRA\GitCollab_Zebra\zebra_rider.cpp(900,20): warning C4018: '<': signed/unsigned mismatch
  GitCollab_Zebra.vcxproj -> C:\Users\270158235\OneDrive - UP Education\1 CS103\BSE2021cs103_ZEBRA\GitCollab_Zebra\Debug\GitCollab_Zebra.exe
=======
﻿  zebra_driver.cpp
C:\Users\200856629\OneDrive - UP Education\Desktop\new_CS103\BSE2021cs103_ZEBRA\GitCollab_Zebra\zebra_driver.cpp(184,20): warning C4018: '<': signed/unsigned mismatch
C:\Users\200856629\OneDrive - UP Education\Desktop\new_CS103\BSE2021cs103_ZEBRA\GitCollab_Zebra\zebra_driver.cpp(201,20): warning C4018: '<': signed/unsigned mismatch
C:\Users\200856629\OneDrive - UP Education\Desktop\new_CS103\BSE2021cs103_ZEBRA\GitCollab_Zebra\zebra_driver.cpp(225,21): warning C4018: '<': signed/unsigned mismatch
C:\Users\200856629\OneDrive - UP Education\Desktop\new_CS103\BSE2021cs103_ZEBRA\GitCollab_Zebra\zebra_driver.cpp(342,20): warning C4018: '<': signed/unsigned mismatch
C:\Users\200856629\OneDrive - UP Education\Desktop\new_CS103\BSE2021cs103_ZEBRA\GitCollab_Zebra\zebra_driver.cpp(403,21): warning C4018: '<': signed/unsigned mismatch
C:\Users\200856629\OneDrive - UP Education\Desktop\new_CS103\BSE2021cs103_ZEBRA\GitCollab_Zebra\zebra_driver.cpp(418,21): warning C4018: '<': signed/unsigned mismatch
C:\Users\200856629\OneDrive - UP Education\Desktop\new_CS103\BSE2021cs103_ZEBRA\GitCollab_Zebra\zebra_driver.cpp(431,21): warning C4018: '<': signed/unsigned mismatch
C:\Users\200856629\OneDrive - UP Education\Desktop\new_CS103\BSE2021cs103_ZEBRA\GitCollab_Zebra\zebra_driver.cpp(444,21): warning C4018: '<': signed/unsigned mismatch
C:\Users\200856629\OneDrive - UP Education\Desktop\new_CS103\BSE2021cs103_ZEBRA\GitCollab_Zebra\zebra_driver.cpp(457,21): warning C4018: '<': signed/unsigned mismatch
C:\Users\200856629\OneDrive - UP Education\Desktop\new_CS103\BSE2021cs103_ZEBRA\GitCollab_Zebra\zebra_driver.cpp(470,21): warning C4018: '<': signed/unsigned mismatch
C:\Users\200856629\OneDrive - UP Education\Desktop\new_CS103\BSE2021cs103_ZEBRA\GitCollab_Zebra\zebra_driver.cpp(483,21): warning C4018: '<': signed/unsigned mismatch
C:\Users\200856629\OneDrive - UP Education\Desktop\new_CS103\BSE2021cs103_ZEBRA\GitCollab_Zebra\zebra_driver.cpp(495,21): warning C4018: '<': signed/unsigned mismatch
C:\Users\200856629\OneDrive - UP Education\Desktop\new_CS103\BSE2021cs103_ZEBRA\GitCollab_Zebra\zebra_driver.cpp(508,21): warning C4018: '<': signed/unsigned mismatch
C:\Users\200856629\OneDrive - UP Education\Desktop\new_CS103\BSE2021cs103_ZEBRA\GitCollab_Zebra\zebra_driver.cpp(647,12): warning C4244: 'argument': conversion from 'time_t' to 'unsigned int', possible loss of data
C:\Users\200856629\OneDrive - UP Education\Desktop\new_CS103\BSE2021cs103_ZEBRA\GitCollab_Zebra\zebra_driver.cpp(655,20): warning C4018: '<': signed/unsigned mismatch
C:\Users\200856629\OneDrive - UP Education\Desktop\new_CS103\BSE2021cs103_ZEBRA\GitCollab_Zebra\zebra_driver.cpp(664,17): warning C4018: '<': signed/unsigned mismatch
C:\Users\200856629\OneDrive - UP Education\Desktop\new_CS103\BSE2021cs103_ZEBRA\GitCollab_Zebra\zebra_driver.cpp(696,20): warning C4018: '<': signed/unsigned mismatch
C:\Users\200856629\OneDrive - UP Education\Desktop\new_CS103\BSE2021cs103_ZEBRA\GitCollab_Zebra\zebra_driver.cpp(760,19): warning C4018: '<': signed/unsigned mismatch
  GitCollab_Zebra.vcxproj -> C:\Users\200856629\OneDrive - UP Education\Desktop\new_CS103\BSE2021cs103_ZEBRA\GitCollab_Zebra\Debug\GitCollab_Zebra.exe
>>>>>>> 5c681fabdd1b71b2f8acc91487bcf03f12f2cbee
